<?xml version="1.0" encoding="UTF-8"?>
<!-- Generated by org.testng.reporters.JUnitReportReporter -->
<testsuite hostname="Ideapad" failures="0" tests="1" name="rs.Tests.ProductOrderTest" time="11.364" errors="0" timestamp="2024-05-08T00:51:40 IST" skipped="0">
  <testcase classname="rs.Tests.ProductOrderTest" name="OrderProduct" time="11.364"/>
</testsuite> <!-- rs.Tests.ProductOrderTest -->
