<?xml version="1.0" encoding="UTF-8"?>
<!-- Generated by org.testng.reporters.JUnitReportReporter -->
<testsuite hostname="Ideapad" failures="0" tests="2" name="rs.Tests.LoginPageValidationTest" time="3.700" errors="0" timestamp="2024-05-25T23:38:15 IST" skipped="0">
  <testcase classname="rs.Tests.LoginPageValidationTest" name="validateWithTrueCred" time="1.953"/>
  <testcase classname="rs.Tests.LoginPageValidationTest" name="validateWithTrueCred" time="1.747"/>
</testsuite> <!-- rs.Tests.LoginPageValidationTest -->
