<?xml version="1.0" encoding="UTF-8"?>
<!-- Generated by org.testng.reporters.JUnitReportReporter -->
<testsuite hostname="Ideapad" failures="0" tests="2" name="rs.Tests.DataProviderSampleTest" time="29.505" errors="0" timestamp="2024-05-26T02:00:04 IST" skipped="0">
  <testcase classname="rs.Tests.DataProviderSampleTest" name="OrderDataProvider" time="15.025"/>
  <testcase classname="rs.Tests.DataProviderSampleTest" name="OrderDataProvider" time="14.480"/>
</testsuite> <!-- rs.Tests.DataProviderSampleTest -->
